<html>
<head>
<title>TestNG:  SeleniumProject04Apr</title>
<link href="../testng.css" rel="stylesheet" type="text/css" />
<link href="../my-testng.css" rel="stylesheet" type="text/css" />

<style type="text/css">
.log { display: none;} 
.stack-trace { display: none;} 
</style>
<script type="text/javascript">
<!--
function flip(e) {
  current = e.style.display;
  if (current == 'block') {
    e.style.display = 'none';
    return 0;
  }
  else {
    e.style.display = 'block';
    return 1;
  }
}

function toggleBox(szDivId, elem, msg1, msg2)
{
  var res = -1;  if (document.getElementById) {
    res = flip(document.getElementById(szDivId));
  }
  else if (document.all) {
    // this is the way old msie versions work
    res = flip(document.all[szDivId]);
  }
  if(elem) {
    if(res == 0) elem.innerHTML = msg1; else elem.innerHTML = msg2;
  }

}

function toggleAllBoxes() {
  if (document.getElementsByTagName) {
    d = document.getElementsByTagName('div');
    for (i = 0; i < d.length; i++) {
      if (d[i].className == 'log') {
        flip(d[i]);
      }
    }
  }
}

// -->
</script>

</head>
<body>
<h2 align='center'>SeleniumProject04Apr</h2><table border='1' align="center">
<tr>
<td>Tests passed/Failed/Skipped:</td><td>2/13/1</td>
</tr><tr>
<td>Started on:</td><td>Fri May 23 07:30:58 IST 2025</td>
</tr>
<tr><td>Total time:</td><td>0 seconds (937 ms)</td>
</tr><tr>
<td>Included groups:</td><td></td>
</tr><tr>
<td>Excluded groups:</td><td></td>
</tr>
</table><p/>
<small><i>(Hover the method name to see the test class name)</i></small><p/>
<table width='100%' border='1' class='invocation-failed'>
<tr><td colspan='4' align='center'><b>FAILED TESTS</b></td></tr>
<tr><td><b>Test method</b></td>
<td><b>Attribute(s)</b></td>
<td width="30%"><b>Exception</b></td>
<td width="10%"><b>Time (seconds)</b></td>
<td><b>Instance</b></td>
</tr>
<tr>
<td title='tdd.TestNGAnnotations.contactUs()'><b>contactUs</b><br>Test class: tdd.TestNGAnnotations</td>
<td><div><pre>org.testng.internal.thread.ThreadTimeoutException: Method tdd.TestNGAnnotations.contactUs() didn&apos;t finish within the time-out 1
</pre></div><a href='#' onClick='toggleBox("stack-trace561959774", this, "Click to show all stack frames", "Click to hide stack frames")'>Click to show all stack frames</a>
<div class='stack-trace' id='stack-trace561959774'><pre>org.testng.internal.thread.ThreadTimeoutException: Method tdd.TestNGAnnotations.contactUs() didn&apos;t finish within the time-out 1
</pre></div></td>
<td>0</td>
<td>tdd.TestNGAnnotations@163e4e87</td></tr>
<tr>
<td title='tdd.TestNGAnnotations.compareObjects()'><b>compareObjects</b><br>Test class: tdd.TestNGAnnotations</td>
<td><div><pre>java.lang.AssertionError: expected not same [Java] but found [Java]
	at tdd.TestNGAnnotations.compareObjects(TestNGAnnotations.java:106)
	at java.base/java.util.ArrayList.forEach(ArrayList.java:1511)
	at com.intellij.rt.testng.IDEARemoteTestNG.run(IDEARemoteTestNG.java:66)
	at com.intellij.rt.testng.RemoteTestNGStarter.main(RemoteTestNGStarter.java:109)
... Removed 28 stack frames</pre></div><a href='#' onClick='toggleBox("stack-trace1671179293", this, "Click to show all stack frames", "Click to hide stack frames")'>Click to show all stack frames</a>
<div class='stack-trace' id='stack-trace1671179293'><pre>java.lang.AssertionError: expected not same [Java] but found [Java]
	at org.testng.Assert.fail(Assert.java:111)
	at org.testng.Assert.failSame(Assert.java:1578)
	at org.testng.Assert.assertNotSame(Assert.java:1558)
	at org.testng.Assert.assertNotSame(Assert.java:1570)
	at tdd.TestNGAnnotations.compareObjects(TestNGAnnotations.java:106)
	at java.base/jdk.internal.reflect.NativeMethodAccessorImpl.invoke0(Native Method)
	at java.base/jdk.internal.reflect.NativeMethodAccessorImpl.invoke(NativeMethodAccessorImpl.java:77)
	at java.base/jdk.internal.reflect.DelegatingMethodAccessorImpl.invoke(DelegatingMethodAccessorImpl.java:43)
	at java.base/java.lang.reflect.Method.invoke(Method.java:568)
	at org.testng.internal.invokers.MethodInvocationHelper.invokeMethod(MethodInvocationHelper.java:141)
	at org.testng.internal.invokers.TestInvoker.invokeMethod(TestInvoker.java:687)
	at org.testng.internal.invokers.TestInvoker.invokeTestMethod(TestInvoker.java:230)
	at org.testng.internal.invokers.MethodRunner.runInSequence(MethodRunner.java:63)
	at org.testng.internal.invokers.TestInvoker$MethodInvocationAgent.invoke(TestInvoker.java:995)
	at org.testng.internal.invokers.TestInvoker.invokeTestMethods(TestInvoker.java:203)
	at org.testng.internal.invokers.TestMethodWorker.invokeTestMethods(TestMethodWorker.java:154)
	at org.testng.internal.invokers.TestMethodWorker.run(TestMethodWorker.java:134)
	at java.base/java.util.ArrayList.forEach(ArrayList.java:1511)
	at org.testng.TestRunner.privateRun(TestRunner.java:741)
	at org.testng.TestRunner.run(TestRunner.java:616)
	at org.testng.SuiteRunner.runTest(SuiteRunner.java:421)
	at org.testng.SuiteRunner.runSequentially(SuiteRunner.java:413)
	at org.testng.SuiteRunner.privateRun(SuiteRunner.java:373)
	at org.testng.SuiteRunner.run(SuiteRunner.java:312)
	at org.testng.SuiteRunnerWorker.runSuite(SuiteRunnerWorker.java:52)
	at org.testng.SuiteRunnerWorker.run(SuiteRunnerWorker.java:95)
	at org.testng.TestNG.runSuitesSequentially(TestNG.java:1274)
	at org.testng.TestNG.runSuitesLocally(TestNG.java:1208)
	at org.testng.TestNG.runSuites(TestNG.java:1112)
	at org.testng.TestNG.run(TestNG.java:1079)
	at com.intellij.rt.testng.IDEARemoteTestNG.run(IDEARemoteTestNG.java:66)
	at com.intellij.rt.testng.RemoteTestNGStarter.main(RemoteTestNGStarter.java:109)
</pre></div></td>
<td>0</td>
<td>tdd.TestNGAnnotations@163e4e87</td></tr>
<tr>
<td title='tdd.TestNGAnnotations.contactUs()'><b>contactUs</b><br>Test class: tdd.TestNGAnnotations</td>
<td><div><pre>org.testng.internal.thread.ThreadTimeoutException: Method tdd.TestNGAnnotations.contactUs() didn&apos;t finish within the time-out 1
</pre></div><a href='#' onClick='toggleBox("stack-trace543846639", this, "Click to show all stack frames", "Click to hide stack frames")'>Click to show all stack frames</a>
<div class='stack-trace' id='stack-trace543846639'><pre>org.testng.internal.thread.ThreadTimeoutException: Method tdd.TestNGAnnotations.contactUs() didn&apos;t finish within the time-out 1
</pre></div></td>
<td>0</td>
<td>tdd.TestNGAnnotations@163e4e87</td></tr>
<tr>
<td title='tdd.TestNGAnnotations.compareSumOfNumbers()'><b>compareSumOfNumbers</b><br>Test class: tdd.TestNGAnnotations</td>
<td><div><pre>java.lang.AssertionError: The following asserts failed:
	expected [20] but found [16]
	at tdd.TestNGAnnotations.compareSumOfNumbers(TestNGAnnotations.java:116)
	at java.base/java.util.ArrayList.forEach(ArrayList.java:1511)
	at com.intellij.rt.testng.IDEARemoteTestNG.run(IDEARemoteTestNG.java:66)
	at com.intellij.rt.testng.RemoteTestNGStarter.main(RemoteTestNGStarter.java:109)
... Removed 26 stack frames</pre></div><a href='#' onClick='toggleBox("stack-trace1948471365", this, "Click to show all stack frames", "Click to hide stack frames")'>Click to show all stack frames</a>
<div class='stack-trace' id='stack-trace1948471365'><pre>java.lang.AssertionError: The following asserts failed:
	expected [20] but found [16]
	at org.testng.asserts.SoftAssert.assertAll(SoftAssert.java:46)
	at org.testng.asserts.SoftAssert.assertAll(SoftAssert.java:30)
	at tdd.TestNGAnnotations.compareSumOfNumbers(TestNGAnnotations.java:116)
	at java.base/jdk.internal.reflect.NativeMethodAccessorImpl.invoke0(Native Method)
	at java.base/jdk.internal.reflect.NativeMethodAccessorImpl.invoke(NativeMethodAccessorImpl.java:77)
	at java.base/jdk.internal.reflect.DelegatingMethodAccessorImpl.invoke(DelegatingMethodAccessorImpl.java:43)
	at java.base/java.lang.reflect.Method.invoke(Method.java:568)
	at org.testng.internal.invokers.MethodInvocationHelper.invokeMethod(MethodInvocationHelper.java:141)
	at org.testng.internal.invokers.TestInvoker.invokeMethod(TestInvoker.java:687)
	at org.testng.internal.invokers.TestInvoker.invokeTestMethod(TestInvoker.java:230)
	at org.testng.internal.invokers.MethodRunner.runInSequence(MethodRunner.java:63)
	at org.testng.internal.invokers.TestInvoker$MethodInvocationAgent.invoke(TestInvoker.java:995)
	at org.testng.internal.invokers.TestInvoker.invokeTestMethods(TestInvoker.java:203)
	at org.testng.internal.invokers.TestMethodWorker.invokeTestMethods(TestMethodWorker.java:154)
	at org.testng.internal.invokers.TestMethodWorker.run(TestMethodWorker.java:134)
	at java.base/java.util.ArrayList.forEach(ArrayList.java:1511)
	at org.testng.TestRunner.privateRun(TestRunner.java:741)
	at org.testng.TestRunner.run(TestRunner.java:616)
	at org.testng.SuiteRunner.runTest(SuiteRunner.java:421)
	at org.testng.SuiteRunner.runSequentially(SuiteRunner.java:413)
	at org.testng.SuiteRunner.privateRun(SuiteRunner.java:373)
	at org.testng.SuiteRunner.run(SuiteRunner.java:312)
	at org.testng.SuiteRunnerWorker.runSuite(SuiteRunnerWorker.java:52)
	at org.testng.SuiteRunnerWorker.run(SuiteRunnerWorker.java:95)
	at org.testng.TestNG.runSuitesSequentially(TestNG.java:1274)
	at org.testng.TestNG.runSuitesLocally(TestNG.java:1208)
	at org.testng.TestNG.runSuites(TestNG.java:1112)
	at org.testng.TestNG.run(TestNG.java:1079)
	at com.intellij.rt.testng.IDEARemoteTestNG.run(IDEARemoteTestNG.java:66)
	at com.intellij.rt.testng.RemoteTestNGStarter.main(RemoteTestNGStarter.java:109)
</pre></div></td>
<td>0</td>
<td>tdd.TestNGAnnotations@163e4e87</td></tr>
<tr>
<td title='tdd.TestNGAnnotations.contactUs()'><b>contactUs</b><br>Test class: tdd.TestNGAnnotations</td>
<td><div><pre>org.testng.internal.thread.ThreadTimeoutException: Method tdd.TestNGAnnotations.contactUs() didn&apos;t finish within the time-out 1
</pre></div><a href='#' onClick='toggleBox("stack-trace1051876890", this, "Click to show all stack frames", "Click to hide stack frames")'>Click to show all stack frames</a>
<div class='stack-trace' id='stack-trace1051876890'><pre>org.testng.internal.thread.ThreadTimeoutException: Method tdd.TestNGAnnotations.contactUs() didn&apos;t finish within the time-out 1
</pre></div></td>
<td>0</td>
<td>tdd.TestNGAnnotations@163e4e87</td></tr>
<tr>
<td title='tdd.TestNGAnnotations.registration()'><b>registration</b><br>Test class: tdd.TestNGAnnotations</td>
<td><div><pre>java.lang.AssertionError: null
	at tdd.TestNGAnnotations.registration(TestNGAnnotations.java:25)
	at java.base/java.util.ArrayList.forEach(ArrayList.java:1511)
	at com.intellij.rt.testng.IDEARemoteTestNG.run(IDEARemoteTestNG.java:66)
	at com.intellij.rt.testng.RemoteTestNGStarter.main(RemoteTestNGStarter.java:109)
... Removed 26 stack frames</pre></div><a href='#' onClick='toggleBox("stack-trace606508809", this, "Click to show all stack frames", "Click to hide stack frames")'>Click to show all stack frames</a>
<div class='stack-trace' id='stack-trace606508809'><pre>java.lang.AssertionError: null
	at org.testng.Assert.fail(Assert.java:111)
	at org.testng.Assert.fail(Assert.java:116)
	at tdd.TestNGAnnotations.registration(TestNGAnnotations.java:25)
	at java.base/jdk.internal.reflect.NativeMethodAccessorImpl.invoke0(Native Method)
	at java.base/jdk.internal.reflect.NativeMethodAccessorImpl.invoke(NativeMethodAccessorImpl.java:77)
	at java.base/jdk.internal.reflect.DelegatingMethodAccessorImpl.invoke(DelegatingMethodAccessorImpl.java:43)
	at java.base/java.lang.reflect.Method.invoke(Method.java:568)
	at org.testng.internal.invokers.MethodInvocationHelper.invokeMethod(MethodInvocationHelper.java:141)
	at org.testng.internal.invokers.TestInvoker.invokeMethod(TestInvoker.java:687)
	at org.testng.internal.invokers.TestInvoker.invokeTestMethod(TestInvoker.java:230)
	at org.testng.internal.invokers.MethodRunner.runInSequence(MethodRunner.java:63)
	at org.testng.internal.invokers.TestInvoker$MethodInvocationAgent.invoke(TestInvoker.java:995)
	at org.testng.internal.invokers.TestInvoker.invokeTestMethods(TestInvoker.java:203)
	at org.testng.internal.invokers.TestMethodWorker.invokeTestMethods(TestMethodWorker.java:154)
	at org.testng.internal.invokers.TestMethodWorker.run(TestMethodWorker.java:134)
	at java.base/java.util.ArrayList.forEach(ArrayList.java:1511)
	at org.testng.TestRunner.privateRun(TestRunner.java:741)
	at org.testng.TestRunner.run(TestRunner.java:616)
	at org.testng.SuiteRunner.runTest(SuiteRunner.java:421)
	at org.testng.SuiteRunner.runSequentially(SuiteRunner.java:413)
	at org.testng.SuiteRunner.privateRun(SuiteRunner.java:373)
	at org.testng.SuiteRunner.run(SuiteRunner.java:312)
	at org.testng.SuiteRunnerWorker.runSuite(SuiteRunnerWorker.java:52)
	at org.testng.SuiteRunnerWorker.run(SuiteRunnerWorker.java:95)
	at org.testng.TestNG.runSuitesSequentially(TestNG.java:1274)
	at org.testng.TestNG.runSuitesLocally(TestNG.java:1208)
	at org.testng.TestNG.runSuites(TestNG.java:1112)
	at org.testng.TestNG.run(TestNG.java:1079)
	at com.intellij.rt.testng.IDEARemoteTestNG.run(IDEARemoteTestNG.java:66)
	at com.intellij.rt.testng.RemoteTestNGStarter.main(RemoteTestNGStarter.java:109)
</pre></div></td>
<td>0</td>
<td>tdd.TestNGAnnotations@163e4e87</td></tr>
<tr>
<td title='tdd.TestNGAnnotations.contactUs()'><b>contactUs</b><br>Test class: tdd.TestNGAnnotations</td>
<td><div><pre>org.testng.internal.thread.ThreadTimeoutException: Method tdd.TestNGAnnotations.contactUs() didn&apos;t finish within the time-out 1
	at java.base@17.0.7/sun.nio.cs.StreamEncoder.implWrite(StreamEncoder.java:292)
	at java.base@17.0.7/sun.nio.cs.StreamEncoder.implWrite(StreamEncoder.java:282)
	at java.base@17.0.7/sun.nio.cs.StreamEncoder.write(StreamEncoder.java:132)
	at java.base@17.0.7/java.io.OutputStreamWriter.write(OutputStreamWriter.java:205)
	at java.base@17.0.7/java.io.BufferedWriter.flushBuffer(BufferedWriter.java:120)
	at java.base@17.0.7/java.io.PrintStream.writeln(PrintStream.java:722)
	at java.base@17.0.7/java.io.PrintStream.println(PrintStream.java:1028)
	at app//tdd.TestNGAnnotations.contactUs(TestNGAnnotations.java:49)
	at java.base@17.0.7/java.util.concurrent.FutureTask.run(FutureTask.java:264)
	at java.base@17.0.7/java.util.concurrent.ThreadPoolExecutor.runWorker(ThreadPoolExecutor.java:1136)
	at java.base@17.0.7/java.util.concurrent.ThreadPoolExecutor$Worker.run(ThreadPoolExecutor.java:635)
	at java.base@17.0.7/java.lang.Thread.run(Thread.java:833)
... Removed 8 stack frames</pre></div><a href='#' onClick='toggleBox("stack-trace1541049864", this, "Click to show all stack frames", "Click to hide stack frames")'>Click to show all stack frames</a>
<div class='stack-trace' id='stack-trace1541049864'><pre>org.testng.internal.thread.ThreadTimeoutException: Method tdd.TestNGAnnotations.contactUs() didn&apos;t finish within the time-out 1
	at java.base@17.0.7/sun.nio.cs.StreamEncoder.implWrite(StreamEncoder.java:292)
	at java.base@17.0.7/sun.nio.cs.StreamEncoder.implWrite(StreamEncoder.java:282)
	at java.base@17.0.7/sun.nio.cs.StreamEncoder.write(StreamEncoder.java:132)
	at java.base@17.0.7/java.io.OutputStreamWriter.write(OutputStreamWriter.java:205)
	at java.base@17.0.7/java.io.BufferedWriter.flushBuffer(BufferedWriter.java:120)
	at java.base@17.0.7/java.io.PrintStream.writeln(PrintStream.java:722)
	at java.base@17.0.7/java.io.PrintStream.println(PrintStream.java:1028)
	at app//tdd.TestNGAnnotations.contactUs(TestNGAnnotations.java:49)
	at java.base@17.0.7/jdk.internal.reflect.NativeMethodAccessorImpl.invoke0(Native Method)
	at java.base@17.0.7/jdk.internal.reflect.NativeMethodAccessorImpl.invoke(NativeMethodAccessorImpl.java:77)
	at java.base@17.0.7/jdk.internal.reflect.DelegatingMethodAccessorImpl.invoke(DelegatingMethodAccessorImpl.java:43)
	at java.base@17.0.7/java.lang.reflect.Method.invoke(Method.java:568)
	at app//org.testng.internal.invokers.MethodInvocationHelper.invokeMethod(MethodInvocationHelper.java:141)
	at app//org.testng.internal.invokers.InvokeMethodRunnable.runOne(InvokeMethodRunnable.java:47)
	at app//org.testng.internal.invokers.InvokeMethodRunnable.call(InvokeMethodRunnable.java:76)
	at app//org.testng.internal.invokers.InvokeMethodRunnable.call(InvokeMethodRunnable.java:11)
	at java.base@17.0.7/java.util.concurrent.FutureTask.run(FutureTask.java:264)
	at java.base@17.0.7/java.util.concurrent.ThreadPoolExecutor.runWorker(ThreadPoolExecutor.java:1136)
	at java.base@17.0.7/java.util.concurrent.ThreadPoolExecutor$Worker.run(ThreadPoolExecutor.java:635)
	at java.base@17.0.7/java.lang.Thread.run(Thread.java:833)
</pre></div></td>
<td>0</td>
<td>tdd.TestNGAnnotations@163e4e87</td></tr>
<tr>
<td title='tdd.TestNGAnnotations.contactUs()'><b>contactUs</b><br>Test class: tdd.TestNGAnnotations</td>
<td><div><pre>org.testng.internal.thread.ThreadTimeoutException: Method tdd.TestNGAnnotations.contactUs() didn&apos;t finish within the time-out 1
</pre></div><a href='#' onClick='toggleBox("stack-trace1961176822", this, "Click to show all stack frames", "Click to hide stack frames")'>Click to show all stack frames</a>
<div class='stack-trace' id='stack-trace1961176822'><pre>org.testng.internal.thread.ThreadTimeoutException: Method tdd.TestNGAnnotations.contactUs() didn&apos;t finish within the time-out 1
</pre></div></td>
<td>0</td>
<td>tdd.TestNGAnnotations@163e4e87</td></tr>
<tr>
<td title='tdd.TestNGAnnotations.contactUs()'><b>contactUs</b><br>Test class: tdd.TestNGAnnotations</td>
<td><div><pre>org.testng.internal.thread.ThreadTimeoutException: Method tdd.TestNGAnnotations.contactUs() didn&apos;t finish within the time-out 1
</pre></div><a href='#' onClick='toggleBox("stack-trace1261153343", this, "Click to show all stack frames", "Click to hide stack frames")'>Click to show all stack frames</a>
<div class='stack-trace' id='stack-trace1261153343'><pre>org.testng.internal.thread.ThreadTimeoutException: Method tdd.TestNGAnnotations.contactUs() didn&apos;t finish within the time-out 1
</pre></div></td>
<td>0</td>
<td>tdd.TestNGAnnotations@163e4e87</td></tr>
<tr>
<td title='tdd.TestNGAnnotations.checkNumber()'><b>checkNumber</b><br>Test class: tdd.TestNGAnnotations</td>
<td><div><pre>java.lang.AssertionError: This test case is failing.... expected [true] but found [false]
	at tdd.TestNGAnnotations.checkNumber(TestNGAnnotations.java:84)
	at java.base/java.util.ArrayList.forEach(ArrayList.java:1511)
	at com.intellij.rt.testng.IDEARemoteTestNG.run(IDEARemoteTestNG.java:66)
	at com.intellij.rt.testng.RemoteTestNGStarter.main(RemoteTestNGStarter.java:109)
... Removed 27 stack frames</pre></div><a href='#' onClick='toggleBox("stack-trace310623126", this, "Click to show all stack frames", "Click to hide stack frames")'>Click to show all stack frames</a>
<div class='stack-trace' id='stack-trace310623126'><pre>java.lang.AssertionError: This test case is failing.... expected [true] but found [false]
	at org.testng.Assert.fail(Assert.java:111)
	at org.testng.Assert.failNotEquals(Assert.java:1590)
	at org.testng.Assert.assertTrue(Assert.java:57)
	at tdd.TestNGAnnotations.checkNumber(TestNGAnnotations.java:84)
	at java.base/jdk.internal.reflect.NativeMethodAccessorImpl.invoke0(Native Method)
	at java.base/jdk.internal.reflect.NativeMethodAccessorImpl.invoke(NativeMethodAccessorImpl.java:77)
	at java.base/jdk.internal.reflect.DelegatingMethodAccessorImpl.invoke(DelegatingMethodAccessorImpl.java:43)
	at java.base/java.lang.reflect.Method.invoke(Method.java:568)
	at org.testng.internal.invokers.MethodInvocationHelper.invokeMethod(MethodInvocationHelper.java:141)
	at org.testng.internal.invokers.TestInvoker.invokeMethod(TestInvoker.java:687)
	at org.testng.internal.invokers.TestInvoker.invokeTestMethod(TestInvoker.java:230)
	at org.testng.internal.invokers.MethodRunner.runInSequence(MethodRunner.java:63)
	at org.testng.internal.invokers.TestInvoker$MethodInvocationAgent.invoke(TestInvoker.java:995)
	at org.testng.internal.invokers.TestInvoker.invokeTestMethods(TestInvoker.java:203)
	at org.testng.internal.invokers.TestMethodWorker.invokeTestMethods(TestMethodWorker.java:154)
	at org.testng.internal.invokers.TestMethodWorker.run(TestMethodWorker.java:134)
	at java.base/java.util.ArrayList.forEach(ArrayList.java:1511)
	at org.testng.TestRunner.privateRun(TestRunner.java:741)
	at org.testng.TestRunner.run(TestRunner.java:616)
	at org.testng.SuiteRunner.runTest(SuiteRunner.java:421)
	at org.testng.SuiteRunner.runSequentially(SuiteRunner.java:413)
	at org.testng.SuiteRunner.privateRun(SuiteRunner.java:373)
	at org.testng.SuiteRunner.run(SuiteRunner.java:312)
	at org.testng.SuiteRunnerWorker.runSuite(SuiteRunnerWorker.java:52)
	at org.testng.SuiteRunnerWorker.run(SuiteRunnerWorker.java:95)
	at org.testng.TestNG.runSuitesSequentially(TestNG.java:1274)
	at org.testng.TestNG.runSuitesLocally(TestNG.java:1208)
	at org.testng.TestNG.runSuites(TestNG.java:1112)
	at org.testng.TestNG.run(TestNG.java:1079)
	at com.intellij.rt.testng.IDEARemoteTestNG.run(IDEARemoteTestNG.java:66)
	at com.intellij.rt.testng.RemoteTestNGStarter.main(RemoteTestNGStarter.java:109)
</pre></div></td>
<td>0</td>
<td>tdd.TestNGAnnotations@163e4e87</td></tr>
<tr>
<td title='tdd.TestNGAnnotations.contactUs()'><b>contactUs</b><br>Test class: tdd.TestNGAnnotations</td>
<td><div><pre>org.testng.internal.thread.ThreadTimeoutException: Method tdd.TestNGAnnotations.contactUs() didn&apos;t finish within the time-out 1
</pre></div><a href='#' onClick='toggleBox("stack-trace471579726", this, "Click to show all stack frames", "Click to hide stack frames")'>Click to show all stack frames</a>
<div class='stack-trace' id='stack-trace471579726'><pre>org.testng.internal.thread.ThreadTimeoutException: Method tdd.TestNGAnnotations.contactUs() didn&apos;t finish within the time-out 1
</pre></div></td>
<td>0</td>
<td>tdd.TestNGAnnotations@163e4e87</td></tr>
<tr>
<td title='tdd.TestNGAnnotations.contactUs()'><b>contactUs</b><br>Test class: tdd.TestNGAnnotations</td>
<td><div><pre>org.testng.internal.thread.ThreadTimeoutException: Method tdd.TestNGAnnotations.contactUs() didn&apos;t finish within the time-out 1
</pre></div><a href='#' onClick='toggleBox("stack-trace428566321", this, "Click to show all stack frames", "Click to hide stack frames")'>Click to show all stack frames</a>
<div class='stack-trace' id='stack-trace428566321'><pre>org.testng.internal.thread.ThreadTimeoutException: Method tdd.TestNGAnnotations.contactUs() didn&apos;t finish within the time-out 1
</pre></div></td>
<td>0</td>
<td>tdd.TestNGAnnotations@163e4e87</td></tr>
<tr>
<td title='tdd.TestNGAnnotations.contactUs()'><b>contactUs</b><br>Test class: tdd.TestNGAnnotations</td>
<td><div><pre>org.testng.internal.thread.ThreadTimeoutException: Method tdd.TestNGAnnotations.contactUs() didn&apos;t finish within the time-out 1
</pre></div><a href='#' onClick='toggleBox("stack-trace1069716895", this, "Click to show all stack frames", "Click to hide stack frames")'>Click to show all stack frames</a>
<div class='stack-trace' id='stack-trace1069716895'><pre>org.testng.internal.thread.ThreadTimeoutException: Method tdd.TestNGAnnotations.contactUs() didn&apos;t finish within the time-out 1
</pre></div></td>
<td>0</td>
<td>tdd.TestNGAnnotations@163e4e87</td></tr>
</table><p>
<table width='100%' border='1' class='invocation-passed'>
<tr><td colspan='4' align='center'><b>PASSED TESTS</b></td></tr>
<tr><td><b>Test method</b></td>
<td><b>Attribute(s)</b></td>
<td width="30%"><b>Exception</b></td>
<td width="10%"><b>Time (seconds)</b></td>
<td><b>Instance</b></td>
</tr>
<tr>
<td title='tdd.TestNGAnnotations.contactUs()'><b>contactUs</b><br>Test class: tdd.TestNGAnnotations</td>
<td></td>
<td>0</td>
<td>tdd.TestNGAnnotations@163e4e87</td></tr>
<tr>
<td title='tdd.TestNGAnnotations.login()'><b>login</b><br>Test class: tdd.TestNGAnnotations</td>
<td></td>
<td>0</td>
<td>tdd.TestNGAnnotations@163e4e87</td></tr>
</table><p>
<table width='100%' border='1' class='invocation-skipped'>
<tr><td colspan='4' align='center'><b>SKIPPED TESTS</b></td></tr>
<tr><td><b>Test method</b></td>
<td><b>Attribute(s)</b></td>
<td width="30%"><b>Exception</b></td>
<td width="10%"><b>Time (seconds)</b></td>
<td><b>Instance</b></td>
</tr>
<tr>
<td title='tdd.TestNGAnnotations.addToCart()'><b>addToCart</b><br>Test class: tdd.TestNGAnnotations</td>
<td><div><pre>java.lang.Throwable: Method TestNGAnnotations.addToCart()[pri:3, instance:tdd.TestNGAnnotations@163e4e87] depends on not successfully finished methods in group &quot;smoke&quot;
	at java.base/java.util.ArrayList.forEach(ArrayList.java:1511)
	at com.intellij.rt.testng.IDEARemoteTestNG.run(IDEARemoteTestNG.java:66)
	at com.intellij.rt.testng.RemoteTestNGStarter.main(RemoteTestNGStarter.java:109)
... Removed 15 stack frames</pre></div><a href='#' onClick='toggleBox("stack-trace1359953204", this, "Click to show all stack frames", "Click to hide stack frames")'>Click to show all stack frames</a>
<div class='stack-trace' id='stack-trace1359953204'><pre>java.lang.Throwable: Method TestNGAnnotations.addToCart()[pri:3, instance:tdd.TestNGAnnotations@163e4e87] depends on not successfully finished methods in group &quot;smoke&quot;
	at org.testng.internal.invokers.TestInvoker.invokeTestMethods(TestInvoker.java:159)
	at org.testng.internal.invokers.TestMethodWorker.invokeTestMethods(TestMethodWorker.java:154)
	at org.testng.internal.invokers.TestMethodWorker.run(TestMethodWorker.java:134)
	at java.base/java.util.ArrayList.forEach(ArrayList.java:1511)
	at org.testng.TestRunner.privateRun(TestRunner.java:741)
	at org.testng.TestRunner.run(TestRunner.java:616)
	at org.testng.SuiteRunner.runTest(SuiteRunner.java:421)
	at org.testng.SuiteRunner.runSequentially(SuiteRunner.java:413)
	at org.testng.SuiteRunner.privateRun(SuiteRunner.java:373)
	at org.testng.SuiteRunner.run(SuiteRunner.java:312)
	at org.testng.SuiteRunnerWorker.runSuite(SuiteRunnerWorker.java:52)
	at org.testng.SuiteRunnerWorker.run(SuiteRunnerWorker.java:95)
	at org.testng.TestNG.runSuitesSequentially(TestNG.java:1274)
	at org.testng.TestNG.runSuitesLocally(TestNG.java:1208)
	at org.testng.TestNG.runSuites(TestNG.java:1112)
	at org.testng.TestNG.run(TestNG.java:1079)
	at com.intellij.rt.testng.IDEARemoteTestNG.run(IDEARemoteTestNG.java:66)
	at com.intellij.rt.testng.RemoteTestNGStarter.main(RemoteTestNGStarter.java:109)
</pre></div></td>
<td>0</td>
<td>tdd.TestNGAnnotations@163e4e87</td></tr>
</table><p>
</body>
</html>