<!DOCTYPE html PUBLIC "-//W3C//DTD XHTML 1.1//EN" "https://www.w3.org/TR/xhtml11/DTD/xhtml11.dtd">
<html xmlns="https://www.w3.org/1999/xhtml">
<head>
<meta http-equiv="content-type" content="text/html; charset=UTF-8"/>
<title>TestNG Report</title>
<style type="text/css">table {margin-bottom:10px;border-collapse:collapse;empty-cells:show}th,td {border:1px solid #009;padding:.25em .5em}th {vertical-align:bottom}td {vertical-align:top}table a {font-weight:bold}.stripe td {background-color: #E6EBF9}.num {text-align:right}.passedodd td {background-color: #3F3}.passedeven td {background-color: #0A0}.skippedodd td {background-color: #DDD}.skippedeven td {background-color: #CCC}.failedodd td,.attn {background-color: #F33}.failedeven td,.stripe .attn {background-color: #D00}.stacktrace {white-space:pre;font-family:monospace}.totop {font-size:85%;text-align:center;border-bottom:2px solid #000}.invisible {display:none}</style>
</head>
<body>
<table>
<tr><th>Test</th><th># Passed</th><th># Skipped</th><th># Retried</th><th># Failed</th><th>Time (ms)</th><th>Included Groups</th><th>Excluded Groups</th></tr>
<tr><th colspan="8">Default Suite</th></tr>
<tr><td><a href="#t0">SeleniumProject04Apr</a></td><td class="num">2</td><td class="num attn">1</td><td class="num">0</td><td class="num attn">13</td><td class="num">937</td><td></td><td></td></tr>
</table>
<table id='summary'><thead><tr><th>Class</th><th>Method</th><th>Start</th><th>Time (ms)</th></tr></thead><tbody><tr><th colspan="4">Default Suite</th></tr></tbody><tbody id="t0"><tr><th colspan="4">SeleniumProject04Apr &#8212; failed</th></tr><tr class="failedeven"><td rowspan="13">tdd.TestNGAnnotations</td><td><a href="#m0">checkNumber</a></td><td rowspan="1">1747965658830</td><td rowspan="1">22</td></tr><tr class="failedeven"><td><a href="#m1">compareObjects</a></td><td rowspan="1">1747965658918</td><td rowspan="1">2</td></tr><tr class="failedeven"><td><a href="#m2">compareSumOfNumbers</a></td><td rowspan="1">1747965659075</td><td rowspan="1">33</td></tr><tr class="failedeven"><td><a href="#m3">contactUs</a></td><td rowspan="9">1747965659283</td><td rowspan="9">55</td></tr><tr class="failedeven"><td><a href="#m4">contactUs</a></td></tr><tr class="failedeven"><td><a href="#m5">contactUs</a></td></tr><tr class="failedeven"><td><a href="#m6">contactUs</a></td></tr><tr class="failedeven"><td><a href="#m7">contactUs</a></td></tr><tr class="failedeven"><td><a href="#m8">contactUs</a></td></tr><tr class="failedeven"><td><a href="#m9">contactUs</a></td></tr><tr class="failedeven"><td><a href="#m10">contactUs</a></td></tr><tr class="failedeven"><td><a href="#m11">contactUs</a></td></tr><tr class="failedeven"><td><a href="#m12">registration</a></td><td rowspan="1">1747965659519</td><td rowspan="1">2</td></tr><tr><th colspan="4">SeleniumProject04Apr &#8212; skipped</th></tr><tr class="skippedeven"><td rowspan="1">tdd.TestNGAnnotations</td><td><a href="#m13">addToCart</a></td><td rowspan="1">1747965659595</td><td rowspan="1">0</td></tr><tr><th colspan="4">SeleniumProject04Apr &#8212; passed</th></tr><tr class="passedeven"><td rowspan="2">tdd.TestNGAnnotations</td><td><a href="#m14">contactUs</a></td><td rowspan="1">1747965659494</td><td rowspan="1">4</td></tr><tr class="passedeven"><td><a href="#m15">login</a></td><td rowspan="1">1747965659535</td><td rowspan="1">2</td></tr></tbody>
</table>
<h2>SeleniumProject04Apr</h2><h3 id="m0">tdd.TestNGAnnotations#checkNumber</h3><table class="result"><tr><th>Exception</th></tr><tr><td><div class="stacktrace">java.lang.AssertionError: This test case is failing.... expected [true] but found [false]
	at tdd.TestNGAnnotations.checkNumber(TestNGAnnotations.java:84)
	at java.base/java.util.ArrayList.forEach(ArrayList.java:1511)
	at com.intellij.rt.testng.IDEARemoteTestNG.run(IDEARemoteTestNG.java:66)
	at com.intellij.rt.testng.RemoteTestNGStarter.main(RemoteTestNGStarter.java:109)
... Removed 27 stack frames</div></td></tr></table><p class="totop"><a href="#summary">back to summary</a></p>
<h3 id="m1">tdd.TestNGAnnotations#compareObjects</h3><table class="result"><tr><th>Exception</th></tr><tr><td><div class="stacktrace">java.lang.AssertionError: expected not same [Java] but found [Java]
	at tdd.TestNGAnnotations.compareObjects(TestNGAnnotations.java:106)
	at java.base/java.util.ArrayList.forEach(ArrayList.java:1511)
	at com.intellij.rt.testng.IDEARemoteTestNG.run(IDEARemoteTestNG.java:66)
	at com.intellij.rt.testng.RemoteTestNGStarter.main(RemoteTestNGStarter.java:109)
... Removed 28 stack frames</div></td></tr></table><p class="totop"><a href="#summary">back to summary</a></p>
<h3 id="m2">tdd.TestNGAnnotations#compareSumOfNumbers</h3><table class="result"><tr><th>Exception</th></tr><tr><td><div class="stacktrace">java.lang.AssertionError: The following asserts failed:
	expected [20] but found [16]
	at tdd.TestNGAnnotations.compareSumOfNumbers(TestNGAnnotations.java:116)
	at java.base/java.util.ArrayList.forEach(ArrayList.java:1511)
	at com.intellij.rt.testng.IDEARemoteTestNG.run(IDEARemoteTestNG.java:66)
	at com.intellij.rt.testng.RemoteTestNGStarter.main(RemoteTestNGStarter.java:109)
... Removed 26 stack frames</div></td></tr></table><p class="totop"><a href="#summary">back to summary</a></p>
<h3 id="m3">tdd.TestNGAnnotations#contactUs</h3><table class="result"><tr><th>Exception</th></tr><tr><td><div class="stacktrace">org.testng.internal.thread.ThreadTimeoutException: Method tdd.TestNGAnnotations.contactUs() didn&apos;t finish within the time-out 1
</div></td></tr></table><p class="totop"><a href="#summary">back to summary</a></p>
<h3 id="m4">tdd.TestNGAnnotations#contactUs</h3><table class="result"><tr><th>Exception</th></tr><tr><td><div class="stacktrace">org.testng.internal.thread.ThreadTimeoutException: Method tdd.TestNGAnnotations.contactUs() didn&apos;t finish within the time-out 1
</div></td></tr></table><p class="totop"><a href="#summary">back to summary</a></p>
<h3 id="m5">tdd.TestNGAnnotations#contactUs</h3><table class="result"><tr><th>Exception</th></tr><tr><td><div class="stacktrace">org.testng.internal.thread.ThreadTimeoutException: Method tdd.TestNGAnnotations.contactUs() didn&apos;t finish within the time-out 1
</div></td></tr></table><p class="totop"><a href="#summary">back to summary</a></p>
<h3 id="m6">tdd.TestNGAnnotations#contactUs</h3><table class="result"><tr><th>Exception</th></tr><tr><td><div class="stacktrace">org.testng.internal.thread.ThreadTimeoutException: Method tdd.TestNGAnnotations.contactUs() didn&apos;t finish within the time-out 1
	at java.base@17.0.7/sun.nio.cs.StreamEncoder.implWrite(StreamEncoder.java:292)
	at java.base@17.0.7/sun.nio.cs.StreamEncoder.implWrite(StreamEncoder.java:282)
	at java.base@17.0.7/sun.nio.cs.StreamEncoder.write(StreamEncoder.java:132)
	at java.base@17.0.7/java.io.OutputStreamWriter.write(OutputStreamWriter.java:205)
	at java.base@17.0.7/java.io.BufferedWriter.flushBuffer(BufferedWriter.java:120)
	at java.base@17.0.7/java.io.PrintStream.writeln(PrintStream.java:722)
	at java.base@17.0.7/java.io.PrintStream.println(PrintStream.java:1028)
	at app//tdd.TestNGAnnotations.contactUs(TestNGAnnotations.java:49)
	at java.base@17.0.7/java.util.concurrent.FutureTask.run(FutureTask.java:264)
	at java.base@17.0.7/java.util.concurrent.ThreadPoolExecutor.runWorker(ThreadPoolExecutor.java:1136)
	at java.base@17.0.7/java.util.concurrent.ThreadPoolExecutor$Worker.run(ThreadPoolExecutor.java:635)
	at java.base@17.0.7/java.lang.Thread.run(Thread.java:833)
... Removed 8 stack frames</div></td></tr></table><p class="totop"><a href="#summary">back to summary</a></p>
<h3 id="m7">tdd.TestNGAnnotations#contactUs</h3><table class="result"><tr><th>Exception</th></tr><tr><td><div class="stacktrace">org.testng.internal.thread.ThreadTimeoutException: Method tdd.TestNGAnnotations.contactUs() didn&apos;t finish within the time-out 1
</div></td></tr></table><p class="totop"><a href="#summary">back to summary</a></p>
<h3 id="m8">tdd.TestNGAnnotations#contactUs</h3><table class="result"><tr><th>Exception</th></tr><tr><td><div class="stacktrace">org.testng.internal.thread.ThreadTimeoutException: Method tdd.TestNGAnnotations.contactUs() didn&apos;t finish within the time-out 1
</div></td></tr></table><p class="totop"><a href="#summary">back to summary</a></p>
<h3 id="m9">tdd.TestNGAnnotations#contactUs</h3><table class="result"><tr><th>Exception</th></tr><tr><td><div class="stacktrace">org.testng.internal.thread.ThreadTimeoutException: Method tdd.TestNGAnnotations.contactUs() didn&apos;t finish within the time-out 1
</div></td></tr></table><p class="totop"><a href="#summary">back to summary</a></p>
<h3 id="m10">tdd.TestNGAnnotations#contactUs</h3><table class="result"><tr><th>Exception</th></tr><tr><td><div class="stacktrace">org.testng.internal.thread.ThreadTimeoutException: Method tdd.TestNGAnnotations.contactUs() didn&apos;t finish within the time-out 1
</div></td></tr></table><p class="totop"><a href="#summary">back to summary</a></p>
<h3 id="m11">tdd.TestNGAnnotations#contactUs</h3><table class="result"><tr><th>Exception</th></tr><tr><td><div class="stacktrace">org.testng.internal.thread.ThreadTimeoutException: Method tdd.TestNGAnnotations.contactUs() didn&apos;t finish within the time-out 1
</div></td></tr></table><p class="totop"><a href="#summary">back to summary</a></p>
<h3 id="m12">tdd.TestNGAnnotations#registration</h3><table class="result"><tr><th>Exception</th></tr><tr><td><div class="stacktrace">java.lang.AssertionError: null
	at tdd.TestNGAnnotations.registration(TestNGAnnotations.java:25)
	at java.base/java.util.ArrayList.forEach(ArrayList.java:1511)
	at com.intellij.rt.testng.IDEARemoteTestNG.run(IDEARemoteTestNG.java:66)
	at com.intellij.rt.testng.RemoteTestNGStarter.main(RemoteTestNGStarter.java:109)
... Removed 26 stack frames</div></td></tr></table><p class="totop"><a href="#summary">back to summary</a></p>
<h3 id="m13">tdd.TestNGAnnotations#addToCart</h3><table class="result"><tr><th>Exception</th></tr><tr><td><div class="stacktrace">java.lang.Throwable: Method TestNGAnnotations.addToCart()[pri:3, instance:tdd.TestNGAnnotations@163e4e87] depends on not successfully finished methods in group &quot;smoke&quot;
	at java.base/java.util.ArrayList.forEach(ArrayList.java:1511)
	at com.intellij.rt.testng.IDEARemoteTestNG.run(IDEARemoteTestNG.java:66)
	at com.intellij.rt.testng.RemoteTestNGStarter.main(RemoteTestNGStarter.java:109)
... Removed 15 stack frames</div></td></tr></table><p class="totop"><a href="#summary">back to summary</a></p>
<h3 id="m14">tdd.TestNGAnnotations#contactUs</h3><table class="result"><tr><th class="invisible"/></tr></table><p class="totop"><a href="#summary">back to summary</a></p>
<h3 id="m15">tdd.TestNGAnnotations#login</h3><table class="result"><tr><th class="invisible"/></tr></table><p class="totop"><a href="#summary">back to summary</a></p>
</body>
</html>
